{"/Users/saikrishna/Downloads/git/appium-device-farm/src/device-managers/AndroidDeviceManager.ts": {"path":"/Users/saikrishna/Downloads/git/appium-device-farm/src/device-managers/AndroidDeviceManager.ts","statementMap":{"0":{"start":{"line":3,"column":0},"end":{"line":3,"column":71}},"1":{"start":{"line":4,"column":0},"end":{"line":4,"column":52}},"2":{"start":{"line":5,"column":0},"end":{"line":5,"column":28}},"3":{"start":{"line":6,"column":0},"end":{"line":6,"column":23}},"4":{"start":{"line":7,"column":0},"end":{"line":7,"column":37}},"5":{"start":{"line":8,"column":0},"end":{"line":8,"column":56}},"6":{"start":{"line":9,"column":0},"end":{"line":9,"column":35}},"7":{"start":{"line":10,"column":0},"end":{"line":10,"column":53}},"8":{"start":{"line":11,"column":0},"end":{"line":11,"column":39}},"9":{"start":{"line":12,"column":0},"end":{"line":12,"column":56}},"10":{"start":{"line":13,"column":0},"end":{"line":13,"column":41}},"11":{"start":{"line":14,"column":0},"end":{"line":14,"column":31}},"12":{"start":{"line":15,"column":0},"end":{"line":15,"column":20}},"13":{"start":{"line":16,"column":0},"end":{"line":16,"column":40}},"14":{"start":{"line":17,"column":0},"end":{"line":17,"column":76}},"15":{"start":{"line":18,"column":0},"end":{"line":18,"column":38}},"16":{"start":{"line":22,"column":10},"end":{"line":22,"column":30}},"17":{"start":{"line":23,"column":10},"end":{"line":23,"column":65}},"18":{"start":{"line":26,"column":20},"end":{"line":26,"column":41}},"19":{"start":{"line":27,"column":4},"end":{"line":27,"column":47}},"20":{"start":{"line":28,"column":4},"end":{"line":28,"column":19}},"21":{"start":{"line":32,"column":4},"end":{"line":32,"column":47}},"22":{"start":{"line":36,"column":4},"end":{"line":38,"column":null}},"23":{"start":{"line":37,"column":6},"end":{"line":37,"column":43}},"24":{"start":{"line":46,"column":4},"end":{"line":48,"column":null}},"25":{"start":{"line":47,"column":6},"end":{"line":47,"column":16}},"26":{"start":{"line":49,"column":40},"end":{"line":49,"column":42}},"27":{"start":{"line":50,"column":4},"end":{"line":71,"column":null}},"28":{"start":{"line":51,"column":6},"end":{"line":56,"column":null}},"29":{"start":{"line":52,"column":22},"end":{"line":52,"column":94}},"30":{"start":{"line":53,"column":8},"end":{"line":53,"column":40}},"31":{"start":{"line":55,"column":8},"end":{"line":55,"column":84}},"32":{"start":{"line":57,"column":6},"end":{"line":68,"column":null}},"33":{"start":{"line":58,"column":8},"end":{"line":60,"column":11}},"34":{"start":{"line":59,"column":10},"end":{"line":59,"column":46}},"35":{"start":{"line":61,"column":13},"end":{"line":68,"column":null}},"36":{"start":{"line":62,"column":8},"end":{"line":64,"column":11}},"37":{"start":{"line":63,"column":10},"end":{"line":63,"column":50}},"38":{"start":{"line":67,"column":8},"end":{"line":67,"column":27}},"39":{"start":{"line":70,"column":6},"end":{"line":70,"column":21}},"40":{"start":{"line":79,"column":4},"end":{"line":79,"column":32}},"41":{"start":{"line":80,"column":29},"end":{"line":80,"column":68}},"42":{"start":{"line":81,"column":4},"end":{"line":107,"column":null}},"43":{"start":{"line":82,"column":6},"end":{"line":106,"column":9}},"44":{"start":{"line":82,"column":60},"end":{"line":106,"column":8}},"45":{"start":{"line":83,"column":8},"end":{"line":84,"column":88}},"46":{"start":{"line":85,"column":8},"end":{"line":105,"column":null}},"47":{"start":{"line":88,"column":14},"end":{"line":88,"column":100}},"48":{"start":{"line":91,"column":33},"end":{"line":92,"column":null}},"49":{"start":{"line":92,"column":21},"end":{"line":92,"column":80}},"50":{"start":{"line":94,"column":10},"end":{"line":104,"column":null}},"51":{"start":{"line":95,"column":12},"end":{"line":95,"column":84}},"52":{"start":{"line":96,"column":12},"end":{"line":99,"column":15}},"53":{"start":{"line":101,"column":12},"end":{"line":101,"column":98}},"54":{"start":{"line":102,"column":31},"end":{"line":102,"column":82}},"55":{"start":{"line":103,"column":12},"end":{"line":103,"column":44}},"56":{"start":{"line":108,"column":4},"end":{"line":108,"column":23}},"57":{"start":{"line":112,"column":23},"end":{"line":112,"column":42}},"58":{"start":{"line":113,"column":41},"end":{"line":113,"column":78}},"59":{"start":{"line":114,"column":54},"end":{"line":119,"column":6}},"60":{"start":{"line":120,"column":17},"end":{"line":120,"column":81}},"61":{"start":{"line":121,"column":4},"end":{"line":139,"column":24}},"62":{"start":{"line":143,"column":4},"end":{"line":149,"column":null}},"63":{"start":{"line":144,"column":6},"end":{"line":146,"column":null}},"64":{"start":{"line":145,"column":8},"end":{"line":145,"column":41}},"65":{"start":{"line":148,"column":6},"end":{"line":148,"column":32}},"66":{"start":{"line":150,"column":4},"end":{"line":150,"column":20}},"67":{"start":{"line":154,"column":4},"end":{"line":174,"column":6}},"68":{"start":{"line":155,"column":17},"end":{"line":169,"column":null}},"69":{"start":{"line":156,"column":8},"end":{"line":168,"column":null}},"70":{"start":{"line":157,"column":30},"end":{"line":160,"column":null}},"71":{"start":{"line":162,"column":10},"end":{"line":165,"column":null}},"72":{"start":{"line":163,"column":12},"end":{"line":163,"column":49}},"73":{"start":{"line":164,"column":12},"end":{"line":164,"column":24}},"74":{"start":{"line":167,"column":10},"end":{"line":167,"column":23}},"75":{"start":{"line":178,"column":23},"end":{"line":178,"column":32}},"76":{"start":{"line":179,"column":24},"end":{"line":179,"column":43}},"77":{"start":{"line":180,"column":4},"end":{"line":180,"column":73}},"78":{"start":{"line":181,"column":19},"end":{"line":181,"column":37}},"79":{"start":{"line":182,"column":32},"end":{"line":229,"column":6}},"80":{"start":{"line":182,"column":43},"end":{"line":229,"column":6}},"81":{"start":{"line":183,"column":6},"end":{"line":228,"column":null}},"82":{"start":{"line":184,"column":24},"end":{"line":184,"column":51}},"83":{"start":{"line":185,"column":8},"end":{"line":208,"column":11}},"84":{"start":{"line":185,"column":48},"end":{"line":208,"column":10}},"85":{"start":{"line":186,"column":31},"end":{"line":186,"column":50}},"86":{"start":{"line":187,"column":10},"end":{"line":187,"column":97}},"87":{"start":{"line":188,"column":10},"end":{"line":207,"column":null}},"88":{"start":{"line":189,"column":12},"end":{"line":189,"column":67}},"89":{"start":{"line":190,"column":12},"end":{"line":190,"column":57}},"90":{"start":{"line":191,"column":12},"end":{"line":191,"column":72}},"91":{"start":{"line":192,"column":12},"end":{"line":192,"column":48}},"92":{"start":{"line":193,"column":50},"end":{"line":196,"column":null}},"93":{"start":{"line":198,"column":12},"end":{"line":198,"column":71}},"94":{"start":{"line":199,"column":30},"end":{"line":199,"column":44}},"95":{"start":{"line":200,"column":12},"end":{"line":206,"column":null}},"96":{"start":{"line":201,"column":14},"end":{"line":201,"column":75}},"97":{"start":{"line":202,"column":34},"end":{"line":202,"column":84}},"98":{"start":{"line":203,"column":14},"end":{"line":203,"column":71}},"99":{"start":{"line":205,"column":14},"end":{"line":205,"column":42}},"100":{"start":{"line":209,"column":8},"end":{"line":224,"column":11}},"101":{"start":{"line":209,"column":46},"end":{"line":224,"column":10}},"102":{"start":{"line":210,"column":31},"end":{"line":210,"column":50}},"103":{"start":{"line":211,"column":10},"end":{"line":211,"column":88}},"104":{"start":{"line":212,"column":28},"end":{"line":212,"column":42}},"105":{"start":{"line":213,"column":10},"end":{"line":223,"column":null}},"106":{"start":{"line":214,"column":12},"end":{"line":214,"column":85}},"107":{"start":{"line":215,"column":32},"end":{"line":215,"column":82}},"108":{"start":{"line":216,"column":12},"end":{"line":216,"column":71}},"109":{"start":{"line":218,"column":12},"end":{"line":220,"column":14}},"110":{"start":{"line":221,"column":12},"end":{"line":221,"column":39}},"111":{"start":{"line":222,"column":12},"end":{"line":222,"column":42}},"112":{"start":{"line":225,"column":8},"end":{"line":225,"column":65}},"113":{"start":{"line":225,"column":32},"end":{"line":225,"column":63}},"114":{"start":{"line":227,"column":8},"end":{"line":227,"column":58}},"115":{"start":{"line":230,"column":4},"end":{"line":230,"column":26}},"116":{"start":{"line":231,"column":22},"end":{"line":231,"column":61}},"117":{"start":{"line":232,"column":4},"end":{"line":285,"column":null}},"118":{"start":{"line":233,"column":6},"end":{"line":284,"column":9}},"119":{"start":{"line":233,"column":57},"end":{"line":284,"column":8}},"120":{"start":{"line":234,"column":31},"end":{"line":234,"column":47}},"121":{"start":{"line":235,"column":24},"end":{"line":235,"column":41}},"122":{"start":{"line":236,"column":24},"end":{"line":236,"column":49}},"123":{"start":{"line":237,"column":25},"end":{"line":240,"column":10}},"124":{"start":{"line":241,"column":8},"end":{"line":241,"column":71}},"125":{"start":{"line":242,"column":26},"end":{"line":245,"column":10}},"126":{"start":{"line":246,"column":34},"end":{"line":282,"column":10}},"127":{"start":{"line":246,"column":45},"end":{"line":282,"column":10}},"128":{"start":{"line":247,"column":10},"end":{"line":281,"column":null}},"129":{"start":{"line":248,"column":28},"end":{"line":248,"column":58}},"130":{"start":{"line":249,"column":12},"end":{"line":268,"column":15}},"131":{"start":{"line":249,"column":52},"end":{"line":268,"column":14}},"132":{"start":{"line":250,"column":35},"end":{"line":250,"column":54}},"133":{"start":{"line":251,"column":14},"end":{"line":254,"column":17}},"134":{"start":{"line":255,"column":14},"end":{"line":267,"column":null}},"135":{"start":{"line":256,"column":16},"end":{"line":256,"column":90}},"136":{"start":{"line":257,"column":16},"end":{"line":257,"column":61}},"137":{"start":{"line":258,"column":16},"end":{"line":258,"column":73}},"138":{"start":{"line":259,"column":16},"end":{"line":259,"column":52}},"139":{"start":{"line":260,"column":54},"end":{"line":263,"column":null}},"140":{"start":{"line":265,"column":16},"end":{"line":265,"column":75}},"141":{"start":{"line":266,"column":16},"end":{"line":266,"column":44}},"142":{"start":{"line":269,"column":12},"end":{"line":277,"column":15}},"143":{"start":{"line":269,"column":50},"end":{"line":277,"column":14}},"144":{"start":{"line":270,"column":35},"end":{"line":270,"column":54}},"145":{"start":{"line":271,"column":14},"end":{"line":271,"column":87}},"146":{"start":{"line":272,"column":14},"end":{"line":274,"column":16}},"147":{"start":{"line":275,"column":14},"end":{"line":275,"column":41}},"148":{"start":{"line":276,"column":14},"end":{"line":276,"column":44}},"149":{"start":{"line":278,"column":12},"end":{"line":278,"column":69}},"150":{"start":{"line":278,"column":36},"end":{"line":278,"column":67}},"151":{"start":{"line":280,"column":12},"end":{"line":280,"column":62}},"152":{"start":{"line":283,"column":8},"end":{"line":283,"column":28}},"153":{"start":{"line":286,"column":4},"end":{"line":286,"column":22}},"154":{"start":{"line":290,"column":4},"end":{"line":294,"column":null}},"155":{"start":{"line":291,"column":6},"end":{"line":291,"column":92}},"156":{"start":{"line":292,"column":6},"end":{"line":292,"column":88}},"157":{"start":{"line":293,"column":6},"end":{"line":293,"column":13}},"158":{"start":{"line":295,"column":4},"end":{"line":295,"column":49}},"159":{"start":{"line":296,"column":32},"end":{"line":296,"column":66}},"160":{"start":{"line":297,"column":22},"end":{"line":297,"column":24}},"161":{"start":{"line":298,"column":4},"end":{"line":310,"column":null}},"162":{"start":{"line":299,"column":21},"end":{"line":301,"column":82}},"163":{"start":{"line":302,"column":31},"end":{"line":302,"column":79}},"164":{"start":{"line":303,"column":6},"end":{"line":307,"column":null}},"165":{"start":{"line":304,"column":8},"end":{"line":304,"column":42}},"166":{"start":{"line":305,"column":8},"end":{"line":305,"column":48}},"167":{"start":{"line":306,"column":8},"end":{"line":306,"column":75}},"168":{"start":{"line":309,"column":6},"end":{"line":309,"column":68}},"169":{"start":{"line":334,"column":20},"end":{"line":334,"column":39}},"170":{"start":{"line":336,"column":6},"end":{"line":336,"column":89}},"171":{"start":{"line":337,"column":4},"end":{"line":341,"column":null}},"172":{"start":{"line":338,"column":6},"end":{"line":340,"column":8}},"173":{"start":{"line":343,"column":4},"end":{"line":347,"column":null}},"174":{"start":{"line":344,"column":6},"end":{"line":346,"column":8}},"175":{"start":{"line":348,"column":18},"end":{"line":348,"column":40}},"176":{"start":{"line":349,"column":4},"end":{"line":351,"column":null}},"177":{"start":{"line":350,"column":6},"end":{"line":350,"column":87}},"178":{"start":{"line":352,"column":4},"end":{"line":352,"column":19}},"179":{"start":{"line":20,"column":0},"end":{"line":20,"column":21}}},"fnMap":{"0":{"name":"(anonymous_8)","decl":{"start":{"line":20,"column":0},"end":{"line":20,"column":21}},"loc":{"start":{"line":20,"column":0},"end":{"line":358,"column":1}}},"1":{"name":"(anonymous_9)","decl":{"start":{"line":25,"column":10},"end":{"line":25,"column":30}},"loc":{"start":{"line":25,"column":49},"end":{"line":29,"column":3}}},"2":{"name":"(anonymous_10)","decl":{"start":{"line":31,"column":10},"end":{"line":31,"column":15}},"loc":{"start":{"line":31,"column":34},"end":{"line":33,"column":3}}},"3":{"name":"(anonymous_11)","decl":{"start":{"line":35,"column":10},"end":{"line":35,"column":21}},"loc":{"start":{"line":35,"column":40},"end":{"line":39,"column":3}}},"4":{"name":"(anonymous_12)","decl":{"start":{"line":41,"column":8},"end":{"line":41,"column":18}},"loc":{"start":{"line":44,"column":16},"end":{"line":72,"column":null}}},"5":{"name":"(anonymous_14)","decl":{"start":{"line":58,"column":34},"end":{"line":58,"column":35}},"loc":{"start":{"line":58,"column":45},"end":{"line":60,"column":9}}},"6":{"name":"(anonymous_15)","decl":{"start":{"line":62,"column":34},"end":{"line":62,"column":35}},"loc":{"start":{"line":62,"column":45},"end":{"line":64,"column":9}}},"7":{"name":"(anonymous_16)","decl":{"start":{"line":74,"column":16},"end":{"line":74,"column":35}},"loc":{"start":{"line":77,"column":16},"end":{"line":109,"column":null}}},"8":{"name":"(anonymous_18)","decl":{"start":{"line":82,"column":34},"end":{"line":82,"column":41}},"loc":{"start":{"line":82,"column":60},"end":{"line":106,"column":8}}},"9":{"name":"(anonymous_19)","decl":{"start":{"line":82,"column":60},"end":{"line":82,"column":null}},"loc":{"start":{"line":82,"column":60},"end":{"line":106,"column":7}}},"10":{"name":"(anonymous_20)","decl":{"start":{"line":87,"column":12},"end":{"line":87,"column":13}},"loc":{"start":{"line":88,"column":14},"end":{"line":88,"column":100}}},"11":{"name":"(anonymous_21)","decl":{"start":{"line":92,"column":12},"end":{"line":92,"column":13}},"loc":{"start":{"line":92,"column":21},"end":{"line":92,"column":80}}},"12":{"name":"(anonymous_22)","decl":{"start":{"line":111,"column":16},"end":{"line":111,"column":26}},"loc":{"start":{"line":111,"column":70},"end":{"line":140,"column":null}}},"13":{"name":"(anonymous_24)","decl":{"start":{"line":142,"column":16},"end":{"line":142,"column":22}},"loc":{"start":{"line":142,"column":22},"end":{"line":151,"column":null}}},"14":{"name":"(anonymous_26)","decl":{"start":{"line":153,"column":8},"end":{"line":153,"column":24}},"loc":{"start":{"line":153,"column":55},"end":{"line":175,"column":null}}},"15":{"name":"(anonymous_28)","decl":{"start":{"line":155,"column":6},"end":{"line":155,"column":15}},"loc":{"start":{"line":155,"column":17},"end":{"line":169,"column":null}}},"16":{"name":"(anonymous_29)","decl":{"start":{"line":155,"column":17},"end":{"line":155,"column":null}},"loc":{"start":{"line":155,"column":17},"end":{"line":169,"column":7}}},"17":{"name":"(anonymous_30)","decl":{"start":{"line":177,"column":15},"end":{"line":177,"column":34}},"loc":{"start":{"line":177,"column":47},"end":{"line":287,"column":null}}},"18":{"name":"(anonymous_32)","decl":{"start":{"line":182,"column":32},"end":{"line":182,"column":41}},"loc":{"start":{"line":182,"column":43},"end":{"line":229,"column":6}}},"19":{"name":"(anonymous_33)","decl":{"start":{"line":182,"column":43},"end":{"line":182,"column":null}},"loc":{"start":{"line":182,"column":43},"end":{"line":229,"column":5}}},"20":{"name":"(anonymous_34)","decl":{"start":{"line":185,"column":26},"end":{"line":185,"column":33}},"loc":{"start":{"line":185,"column":48},"end":{"line":208,"column":10}}},"21":{"name":"(anonymous_35)","decl":{"start":{"line":185,"column":48},"end":{"line":185,"column":null}},"loc":{"start":{"line":185,"column":48},"end":{"line":208,"column":9}}},"22":{"name":"(anonymous_36)","decl":{"start":{"line":209,"column":29},"end":{"line":209,"column":36}},"loc":{"start":{"line":209,"column":46},"end":{"line":224,"column":10}}},"23":{"name":"(anonymous_37)","decl":{"start":{"line":209,"column":46},"end":{"line":209,"column":null}},"loc":{"start":{"line":209,"column":46},"end":{"line":224,"column":9}}},"24":{"name":"(anonymous_38)","decl":{"start":{"line":225,"column":26},"end":{"line":225,"column":29}},"loc":{"start":{"line":225,"column":32},"end":{"line":225,"column":63}}},"25":{"name":"(anonymous_39)","decl":{"start":{"line":233,"column":36},"end":{"line":233,"column":43}},"loc":{"start":{"line":233,"column":57},"end":{"line":284,"column":8}}},"26":{"name":"(anonymous_40)","decl":{"start":{"line":233,"column":57},"end":{"line":233,"column":null}},"loc":{"start":{"line":233,"column":57},"end":{"line":284,"column":7}}},"27":{"name":"(anonymous_41)","decl":{"start":{"line":246,"column":34},"end":{"line":246,"column":43}},"loc":{"start":{"line":246,"column":45},"end":{"line":282,"column":10}}},"28":{"name":"(anonymous_42)","decl":{"start":{"line":246,"column":45},"end":{"line":246,"column":null}},"loc":{"start":{"line":246,"column":45},"end":{"line":282,"column":9}}},"29":{"name":"(anonymous_43)","decl":{"start":{"line":249,"column":30},"end":{"line":249,"column":37}},"loc":{"start":{"line":249,"column":52},"end":{"line":268,"column":14}}},"30":{"name":"(anonymous_44)","decl":{"start":{"line":249,"column":52},"end":{"line":249,"column":null}},"loc":{"start":{"line":249,"column":52},"end":{"line":268,"column":13}}},"31":{"name":"(anonymous_45)","decl":{"start":{"line":269,"column":33},"end":{"line":269,"column":40}},"loc":{"start":{"line":269,"column":50},"end":{"line":277,"column":14}}},"32":{"name":"(anonymous_46)","decl":{"start":{"line":269,"column":50},"end":{"line":269,"column":null}},"loc":{"start":{"line":269,"column":50},"end":{"line":277,"column":13}}},"33":{"name":"(anonymous_47)","decl":{"start":{"line":278,"column":30},"end":{"line":278,"column":33}},"loc":{"start":{"line":278,"column":36},"end":{"line":278,"column":67}}},"34":{"name":"(anonymous_48)","decl":{"start":{"line":289,"column":15},"end":{"line":289,"column":31}},"loc":{"start":{"line":289,"column":76},"end":{"line":311,"column":null}}},"35":{"name":"(anonymous_50)","decl":{"start":{"line":333,"column":16},"end":{"line":333,"column":30}},"loc":{"start":{"line":333,"column":30},"end":{"line":353,"column":null}}}},"branchMap":{"0":{"loc":{"start":{"line":32,"column":4},"end":{"line":32,"column":46}},"type":"cond-expr","locations":[{"start":{"line":32,"column":37},"end":{"line":32,"column":39}},{"start":{"line":32,"column":37},"end":{"line":32,"column":46}}]},"1":{"loc":{"start":{"line":32,"column":4},"end":{"line":32,"column":39}},"type":"binary-expr","locations":[{"start":{"line":32,"column":4},"end":{"line":32,"column":39}},{"start":{"line":32,"column":37},"end":{"line":32,"column":39}}]},"2":{"loc":{"start":{"line":36,"column":4},"end":{"line":38,"column":null}},"type":"if","locations":[{"start":{"line":36,"column":4},"end":{"line":38,"column":null}}]},"3":{"loc":{"start":{"line":46,"column":4},"end":{"line":48,"column":null}},"type":"if","locations":[{"start":{"line":46,"column":4},"end":{"line":48,"column":null}}]},"4":{"loc":{"start":{"line":51,"column":6},"end":{"line":56,"column":null}},"type":"if","locations":[{"start":{"line":51,"column":6},"end":{"line":56,"column":null}},{"start":{"line":54,"column":13},"end":{"line":56,"column":null}}]},"5":{"loc":{"start":{"line":57,"column":6},"end":{"line":68,"column":null}},"type":"if","locations":[{"start":{"line":57,"column":6},"end":{"line":68,"column":null}},{"start":{"line":61,"column":13},"end":{"line":68,"column":null}}]},"6":{"loc":{"start":{"line":61,"column":13},"end":{"line":68,"column":null}},"type":"if","locations":[{"start":{"line":61,"column":13},"end":{"line":68,"column":null}},{"start":{"line":66,"column":13},"end":{"line":68,"column":null}}]},"7":{"loc":{"start":{"line":84,"column":10},"end":{"line":84,"column":87}},"type":"cond-expr","locations":[{"start":{"line":84,"column":47},"end":{"line":84,"column":59}},{"start":{"line":84,"column":62},"end":{"line":84,"column":87}}]},"8":{"loc":{"start":{"line":85,"column":8},"end":{"line":105,"column":null}},"type":"if","locations":[{"start":{"line":85,"column":8},"end":{"line":105,"column":null}}]},"9":{"loc":{"start":{"line":88,"column":14},"end":{"line":88,"column":100}},"type":"binary-expr","locations":[{"start":{"line":88,"column":14},"end":{"line":88,"column":46}},{"start":{"line":88,"column":50},"end":{"line":88,"column":100}}]},"10":{"loc":{"start":{"line":92,"column":21},"end":{"line":92,"column":80}},"type":"binary-expr","locations":[{"start":{"line":92,"column":21},"end":{"line":92,"column":45}},{"start":{"line":92,"column":49},"end":{"line":92,"column":80}}]},"11":{"loc":{"start":{"line":94,"column":10},"end":{"line":104,"column":null}},"type":"if","locations":[{"start":{"line":94,"column":10},"end":{"line":104,"column":null}},{"start":{"line":100,"column":17},"end":{"line":104,"column":null}}]},"12":{"loc":{"start":{"line":120,"column":17},"end":{"line":120,"column":81}},"type":"cond-expr","locations":[{"start":{"line":120,"column":47},"end":{"line":120,"column":66}},{"start":{"line":120,"column":69},"end":{"line":120,"column":81}}]},"13":{"loc":{"start":{"line":133,"column":20},"end":{"line":133,"column":52}},"type":"cond-expr","locations":[{"start":{"line":133,"column":33},"end":{"line":133,"column":39}},{"start":{"line":133,"column":42},"end":{"line":133,"column":52}}]},"14":{"loc":{"start":{"line":144,"column":6},"end":{"line":146,"column":null}},"type":"if","locations":[{"start":{"line":144,"column":6},"end":{"line":146,"column":null}}]},"15":{"loc":{"start":{"line":162,"column":10},"end":{"line":165,"column":null}},"type":"if","locations":[{"start":{"line":162,"column":10},"end":{"line":165,"column":null}}]},"16":{"loc":{"start":{"line":162,"column":14},"end":{"line":162,"column":87}},"type":"binary-expr","locations":[{"start":{"line":162,"column":14},"end":{"line":162,"column":34}},{"start":{"line":162,"column":38},"end":{"line":162,"column":60}},{"start":{"line":162,"column":64},"end":{"line":162,"column":87}}]},"17":{"loc":{"start":{"line":188,"column":10},"end":{"line":207,"column":null}},"type":"if","locations":[{"start":{"line":188,"column":10},"end":{"line":207,"column":null}}]},"18":{"loc":{"start":{"line":200,"column":12},"end":{"line":206,"column":null}},"type":"if","locations":[{"start":{"line":200,"column":12},"end":{"line":206,"column":null}},{"start":{"line":204,"column":19},"end":{"line":206,"column":null}}]},"19":{"loc":{"start":{"line":213,"column":10},"end":{"line":223,"column":null}},"type":"if","locations":[{"start":{"line":213,"column":10},"end":{"line":223,"column":null}},{"start":{"line":217,"column":17},"end":{"line":223,"column":null}}]},"20":{"loc":{"start":{"line":232,"column":4},"end":{"line":285,"column":null}},"type":"if","locations":[{"start":{"line":232,"column":4},"end":{"line":285,"column":null}}]},"21":{"loc":{"start":{"line":232,"column":8},"end":{"line":232,"column":55}},"type":"binary-expr","locations":[{"start":{"line":232,"column":8},"end":{"line":232,"column":31}},{"start":{"line":232,"column":35},"end":{"line":232,"column":55}}]},"22":{"loc":{"start":{"line":236,"column":24},"end":{"line":236,"column":49}},"type":"binary-expr","locations":[{"start":{"line":236,"column":24},"end":{"line":236,"column":41}},{"start":{"line":236,"column":45},"end":{"line":236,"column":49}}]},"23":{"loc":{"start":{"line":255,"column":14},"end":{"line":267,"column":null}},"type":"if","locations":[{"start":{"line":255,"column":14},"end":{"line":267,"column":null}}]},"24":{"loc":{"start":{"line":290,"column":4},"end":{"line":294,"column":null}},"type":"if","locations":[{"start":{"line":290,"column":4},"end":{"line":294,"column":null}}]},"25":{"loc":{"start":{"line":303,"column":6},"end":{"line":307,"column":null}},"type":"if","locations":[{"start":{"line":303,"column":6},"end":{"line":307,"column":null}}]},"26":{"loc":{"start":{"line":337,"column":4},"end":{"line":341,"column":null}},"type":"if","locations":[{"start":{"line":337,"column":4},"end":{"line":341,"column":null}}]},"27":{"loc":{"start":{"line":343,"column":4},"end":{"line":347,"column":null}},"type":"if","locations":[{"start":{"line":343,"column":4},"end":{"line":347,"column":null}}]},"28":{"loc":{"start":{"line":349,"column":4},"end":{"line":351,"column":null}},"type":"if","locations":[{"start":{"line":349,"column":4},"end":{"line":351,"column":null}}]}},"s":{"0":3,"1":3,"2":3,"3":3,"4":3,"5":3,"6":3,"7":3,"8":3,"9":3,"10":3,"11":3,"12":3,"13":3,"14":3,"15":3,"16":7,"17":7,"18":0,"19":0,"20":0,"21":0,"22":0,"23":0,"24":3,"25":0,"26":3,"27":3,"28":3,"29":0,"30":0,"31":3,"32":3,"33":1,"34":2,"35":2,"36":1,"37":2,"38":1,"39":0,"40":3,"41":3,"42":3,"43":4,"44":6,"45":6,"46":6,"47":3,"48":6,"49":0,"50":6,"51":0,"52":0,"53":6,"54":6,"55":6,"56":3,"57":6,"58":6,"59":6,"60":6,"61":6,"62":3,"63":3,"64":2,"65":1,"66":3,"67":0,"68":0,"69":0,"70":0,"71":0,"72":0,"73":0,"74":0,"75":0,"76":0,"77":0,"78":0,"79":0,"80":0,"81":0,"82":0,"83":0,"84":0,"85":0,"86":0,"87":0,"88":0,"89":0,"90":0,"91":0,"92":0,"93":0,"94":0,"95":0,"96":0,"97":0,"98":0,"99":0,"100":0,"101":0,"102":0,"103":0,"104":0,"105":0,"106":0,"107":0,"108":0,"109":0,"110":0,"111":0,"112":0,"113":0,"114":0,"115":0,"116":0,"117":0,"118":0,"119":0,"120":0,"121":0,"122":0,"123":0,"124":0,"125":0,"126":0,"127":0,"128":0,"129":0,"130":0,"131":0,"132":0,"133":0,"134":0,"135":0,"136":0,"137":0,"138":0,"139":0,"140":0,"141":0,"142":0,"143":0,"144":0,"145":0,"146":0,"147":0,"148":0,"149":0,"150":0,"151":0,"152":0,"153":0,"154":3,"155":1,"156":1,"157":1,"158":2,"159":2,"160":2,"161":2,"162":2,"163":1,"164":1,"165":1,"166":1,"167":1,"168":1,"169":3,"170":3,"171":3,"172":0,"173":3,"174":0,"175":3,"176":3,"177":0,"178":3,"179":3},"f":{"0":7,"1":0,"2":0,"3":0,"4":3,"5":2,"6":2,"7":3,"8":6,"9":6,"10":3,"11":0,"12":6,"13":3,"14":0,"15":0,"16":0,"17":0,"18":0,"19":0,"20":0,"21":0,"22":0,"23":0,"24":0,"25":0,"26":0,"27":0,"28":0,"29":0,"30":0,"31":0,"32":0,"33":0,"34":3,"35":3},"b":{"0":[0,0],"1":[0,0],"2":[0],"3":[0],"4":[0,3],"5":[1,2],"6":[1,1],"7":[0,6],"8":[6],"9":[3,0],"10":[0,0],"11":[0,6],"12":[1,5],"13":[3,3],"14":[2],"15":[0],"16":[0,0,0],"17":[0],"18":[0,0],"19":[0,0],"20":[0],"21":[0,0],"22":[0,0],"23":[0],"24":[1],"25":[1],"26":[0],"27":[0],"28":[0]}}
}
