TN:
SF:src/device-managers/AndroidDeviceManager.ts
FN:20,(anonymous_8)
FN:25,(anonymous_9)
FN:31,(anonymous_10)
FN:35,(anonymous_11)
FN:41,(anonymous_12)
FN:58,(anonymous_14)
FN:62,(anonymous_15)
FN:74,(anonymous_16)
FN:82,(anonymous_18)
FN:82,(anonymous_19)
FN:87,(anonymous_20)
FN:92,(anonymous_21)
FN:111,(anonymous_22)
FN:142,(anonymous_24)
FN:153,(anonymous_26)
FN:155,(anonymous_28)
FN:155,(anonymous_29)
FN:177,(anonymous_30)
FN:182,(anonymous_32)
FN:182,(anonymous_33)
FN:185,(anonymous_34)
FN:185,(anonymous_35)
FN:209,(anonymous_36)
FN:209,(anonymous_37)
FN:225,(anonymous_38)
FN:233,(anonymous_39)
FN:233,(anonymous_40)
FN:246,(anonymous_41)
FN:246,(anonymous_42)
FN:249,(anonymous_43)
FN:249,(anonymous_44)
FN:269,(anonymous_45)
FN:269,(anonymous_46)
FN:278,(anonymous_47)
FN:289,(anonymous_48)
FN:333,(anonymous_50)
FNF:36
FNH:12
FNDA:7,(anonymous_8)
FNDA:0,(anonymous_9)
FNDA:0,(anonymous_10)
FNDA:0,(anonymous_11)
FNDA:3,(anonymous_12)
FNDA:2,(anonymous_14)
FNDA:2,(anonymous_15)
FNDA:3,(anonymous_16)
FNDA:6,(anonymous_18)
FNDA:6,(anonymous_19)
FNDA:3,(anonymous_20)
FNDA:0,(anonymous_21)
FNDA:6,(anonymous_22)
FNDA:3,(anonymous_24)
FNDA:0,(anonymous_26)
FNDA:0,(anonymous_28)
FNDA:0,(anonymous_29)
FNDA:0,(anonymous_30)
FNDA:0,(anonymous_32)
FNDA:0,(anonymous_33)
FNDA:0,(anonymous_34)
FNDA:0,(anonymous_35)
FNDA:0,(anonymous_36)
FNDA:0,(anonymous_37)
FNDA:0,(anonymous_38)
FNDA:0,(anonymous_39)
FNDA:0,(anonymous_40)
FNDA:0,(anonymous_41)
FNDA:0,(anonymous_42)
FNDA:0,(anonymous_43)
FNDA:0,(anonymous_44)
FNDA:0,(anonymous_45)
FNDA:0,(anonymous_46)
FNDA:0,(anonymous_47)
FNDA:3,(anonymous_48)
FNDA:3,(anonymous_50)
DA:3,3
DA:4,3
DA:5,3
DA:6,3
DA:7,3
DA:8,3
DA:9,3
DA:10,3
DA:11,3
DA:12,3
DA:13,3
DA:14,3
DA:15,3
DA:16,3
DA:17,3
DA:18,3
DA:20,3
DA:22,7
DA:23,7
DA:26,0
DA:27,0
DA:28,0
DA:32,0
DA:36,0
DA:37,0
DA:46,3
DA:47,0
DA:49,3
DA:50,3
DA:51,3
DA:52,0
DA:53,0
DA:55,3
DA:57,3
DA:58,1
DA:59,2
DA:61,2
DA:62,1
DA:63,2
DA:67,1
DA:70,0
DA:79,3
DA:80,3
DA:81,3
DA:82,6
DA:83,6
DA:85,6
DA:88,3
DA:91,6
DA:92,0
DA:94,6
DA:95,0
DA:96,0
DA:101,6
DA:102,6
DA:103,6
DA:108,3
DA:112,6
DA:113,6
DA:114,6
DA:120,6
DA:121,6
DA:143,3
DA:144,3
DA:145,2
DA:148,1
DA:150,3
DA:154,0
DA:155,0
DA:156,0
DA:157,0
DA:162,0
DA:163,0
DA:164,0
DA:167,0
DA:178,0
DA:179,0
DA:180,0
DA:181,0
DA:182,0
DA:183,0
DA:184,0
DA:185,0
DA:186,0
DA:187,0
DA:188,0
DA:189,0
DA:190,0
DA:191,0
DA:192,0
DA:193,0
DA:198,0
DA:199,0
DA:200,0
DA:201,0
DA:202,0
DA:203,0
DA:205,0
DA:209,0
DA:210,0
DA:211,0
DA:212,0
DA:213,0
DA:214,0
DA:215,0
DA:216,0
DA:218,0
DA:221,0
DA:222,0
DA:225,0
DA:227,0
DA:230,0
DA:231,0
DA:232,0
DA:233,0
DA:234,0
DA:235,0
DA:236,0
DA:237,0
DA:241,0
DA:242,0
DA:246,0
DA:247,0
DA:248,0
DA:249,0
DA:250,0
DA:251,0
DA:255,0
DA:256,0
DA:257,0
DA:258,0
DA:259,0
DA:260,0
DA:265,0
DA:266,0
DA:269,0
DA:270,0
DA:271,0
DA:272,0
DA:275,0
DA:276,0
DA:278,0
DA:280,0
DA:283,0
DA:286,0
DA:290,3
DA:291,1
DA:292,1
DA:293,1
DA:295,2
DA:296,2
DA:297,2
DA:298,2
DA:299,2
DA:302,1
DA:303,1
DA:304,1
DA:305,1
DA:306,1
DA:309,1
DA:334,3
DA:336,3
DA:337,3
DA:338,0
DA:343,3
DA:344,0
DA:348,3
DA:349,3
DA:350,0
DA:352,3
LF:170
LH:76
BRDA:32,0,0,0
BRDA:32,0,1,0
BRDA:32,1,0,0
BRDA:32,1,1,0
BRDA:36,2,0,0
BRDA:46,3,0,0
BRDA:51,4,0,0
BRDA:51,4,1,3
BRDA:57,5,0,1
BRDA:57,5,1,2
BRDA:61,6,0,1
BRDA:61,6,1,1
BRDA:84,7,0,0
BRDA:84,7,1,6
BRDA:85,8,0,6
BRDA:88,9,0,3
BRDA:88,9,1,0
BRDA:92,10,0,0
BRDA:92,10,1,0
BRDA:94,11,0,0
BRDA:94,11,1,6
BRDA:120,12,0,1
BRDA:120,12,1,5
BRDA:133,13,0,3
BRDA:133,13,1,3
BRDA:144,14,0,2
BRDA:162,15,0,0
BRDA:162,16,0,0
BRDA:162,16,1,0
BRDA:162,16,2,0
BRDA:188,17,0,0
BRDA:200,18,0,0
BRDA:200,18,1,0
BRDA:213,19,0,0
BRDA:213,19,1,0
BRDA:232,20,0,0
BRDA:232,21,0,0
BRDA:232,21,1,0
BRDA:236,22,0,0
BRDA:236,22,1,0
BRDA:255,23,0,0
BRDA:290,24,0,1
BRDA:303,25,0,1
BRDA:337,26,0,0
BRDA:343,27,0,0
BRDA:349,28,0,0
BRF:46
BRH:16
end_of_record
